<?xml version="1.0" encoding="UTF-8"?>
<testsuite xmlns:xsi="http://www.w3.org/2001/XMLSchema-instance" xsi:noNamespaceSchemaLocation="https://maven.apache.org/surefire/maven-surefire-plugin/xsd/surefire-test-report.xsd" name="com.virginmedia.CukeTest" time="65.777" tests="6" errors="0" skipped="0" failures="0">
  <properties>
[...]
</properties>
  <testcase name="When User Enter PostCode &quot;Ha0 2hl&quot; on Postcode field" classname="Scenario: User is on a HomePage and accept all cookies" time="0.001"/>
  <testcase name="And Click on search button" classname="Scenario: User is on a HomePage and accept all cookies" time="0"/>
  <testcase name="When User select the address from list" classname="Scenario: User is on a HomePage and accept all cookies" time="0"/>
  <testcase name="And click on next button" classname="Scenario: User is on a HomePage and accept all cookies" time="0"/>
  <testcase name="Then User can see the available Packages" classname="Scenario: User is on a HomePage and accept all cookies" time="0"/>
  <testcase name="Scenario: User is on a HomePage and accept all cookies" classname="Scenario: User is on a HomePage and accept all cookies" time="1.61"/>
</testsuite>